\BOOKMARK [0][]{chapter.1}{\376\377\0001\000\040\116\140\230\230\226\306}{}% 1
\BOOKMARK [1][]{section.1.1}{\376\377\0001\000.\0001\000\040\221\316\165\037\147\102\230\230}{chapter.1}% 2
\BOOKMARK [1][]{section.1.2}{\376\377\0001\000.\0002\000\040\154\152\147\227\000-\145\160\133\146\122\006\147\220\116\055\166\204\225\356\230\230\116\016\123\315\117\213}{chapter.1}% 3
\BOOKMARK [1][]{section.1.3}{\376\377\0001\000.\0003\000\040\124\150\154\021\137\072\000-\145\160\133\146\122\006\147\220\116\140\230\230\157\024\176\303}{chapter.1}% 4
\BOOKMARK [1][]{section.1.4}{\376\377\0001\000.\0004\000\040\210\364\171\074\145\207\000-\145\160\133\146\122\006\147\220\116\055\166\204\121\170\127\213\225\356\230\230\116\016\145\271\154\325}{chapter.1}% 5
\BOOKMARK [1][]{section.1.5}{\376\377\0001\000.\0005\000\040\214\042\140\340\154\021\000-\145\160\133\146\122\006\147\220\116\140\230\230\213\376\213\262\116\111}{chapter.1}% 6
\BOOKMARK [1][]{section.1.6}{\376\377\0001\000.\0006\000\040\116\030\176\364\130\360\000-\232\330\173\111\116\343\145\160}{chapter.1}% 7
\BOOKMARK [0][]{chapter.2}{\376\377\0002\000\040\000A\000l\000g\000e\000b\000r\000a}{}% 8
\BOOKMARK [1][]{section.2.1}{\376\377\0002\000.\0001\000\040\210\114\122\027\137\017}{chapter.2}% 9
\BOOKMARK [1][]{section.2.2}{\376\377\0002\000.\0002\000\040\167\351\226\065}{chapter.2}% 10
\BOOKMARK [1][]{section.2.3}{\376\377\0002\000.\0003\000\040\176\277\140\047\146\040\134\004}{chapter.2}% 11
\BOOKMARK [1][]{section.2.4}{\376\377\0002\000.\0004\000\040\131\032\230\171\137\017}{chapter.2}% 12
\BOOKMARK [1][]{section.2.5}{\376\377\0002\000.\0005\000\040\162\171\137\201\120\074}{chapter.2}% 13
\BOOKMARK [1][]{section.2.6}{\376\377\0002\000.\0006\000\040\166\370\117\074\150\007\121\306\127\213}{chapter.2}% 14
\BOOKMARK [1][]{section.2.7}{\376\377\0002\000.\0007\000\040\116\214\153\041\127\213}{chapter.2}% 15
\BOOKMARK [1][]{section.2.8}{\376\377\0002\000.\0008\000\040\121\205\171\357\172\172\225\364}{chapter.2}% 16
\BOOKMARK [1][]{section.2.9}{\376\377\0002\000.\0009\000\040\123\314\176\277\140\047\127\213}{chapter.2}% 17
\BOOKMARK [0][]{chapter.3}{\376\377\0003\000\040\000W\000e\000i\000e\000r\000s\000t\000r\000a\000s\000s\000\040\000A\000p\000p\000r\000o\000x\000i\000m\000a\000t\000i\000o\000n\000\040\000T\000h\000e\000o\000r\000e\000m}{}% 18
\BOOKMARK [1][]{section.3.1}{\376\377\0003\000.\0001\000\040\000L\000e\000m\000m\000a}{chapter.3}% 19
\BOOKMARK [1][]{section.3.2}{\376\377\0003\000.\0002\000\040\000B\000e\000r\000n\000s\000h\000t\000e\001\320\000n\131\032\230\171\137\017}{chapter.3}% 20
\BOOKMARK [1][]{section.3.3}{\376\377\0003\000.\0003\000\040\000W\000e\000i\000e\000r\000s\000t\000r\000a\000s\000s}{chapter.3}% 21
\BOOKMARK [0][]{chapter.4}{\376\377\0004\000\040\000I\000n\000e\000q\000u\000a\000l\000i\000t\000y}{}% 22
\BOOKMARK [0][]{chapter.5}{\376\377\0005\000\040\000E\000i\000g\000h\000t\000\040\000E\000q\000u\000i\000v\000a\000l\000e\000n\000c\000e\000\040\000T\000h\000e\000o\000r\000e\000m\000s}{}% 23
\BOOKMARK [0][]{chapter.6}{\376\377\0006\000\040\000D\000i\000f\000f\000e\000r\000e\000n\000t\000i\000a\000l\000\040\000M\000a\000n\000i\000f\000o\000l\000d}{}% 24
\BOOKMARK [1][]{section.6.1}{\376\377\0006\000.\0001\000\040\137\256\122\006\155\101\137\142\166\204\127\372\147\054\151\202\137\365}{chapter.6}% 25
\BOOKMARK [1][]{section.6.2}{\376\377\0006\000.\0002\000\040\155\101\137\142\116\012\166\204\121\150\117\123\122\007\127\072}{chapter.6}% 26
\BOOKMARK [1][]{section.6.3}{\376\377\0006\000.\0003\000\040\147\116\116\343\145\160}{chapter.6}% 27
\BOOKMARK [1][]{section.6.4}{\376\377\0006\000.\0004\000\040\147\116\177\244\166\204\147\116\116\343\145\160\000\040\040\024\040\024\000\040\135\346\116\015\123\330\122\007\127\072\121\150\117\123}{chapter.6}% 28
\BOOKMARK [1][]{section.6.5}{\376\377\0006\000.\0005\000\040\123\125\123\302\145\160\147\116\154\017\123\330\143\142\177\244\000\040\040\024\040\024\000\040\121\215\213\272\155\101\137\142\116\012\166\204\122\007\127\072\116\345\123\312\147\116\177\244\116\012\166\204\135\346\116\015\123\330\122\007\127\072}{chapter.6}% 29
